<?xml version="1.0" encoding="UTF-8"?>
<testng-results ignored="0" total="1" passed="1" failed="0" skipped="0">
  <reporter-output>
    <line>
      <![CDATA[Suite set up is getting ready]]>
    </line>
    <line>
      <![CDATA[Suite set up is success]]>
    </line>
    <line>
      <![CDATA[Browser is getting ready]]>
    </line>
    <line>
      <![CDATA[Browser set up is success]]>
    </line>
    <line>
      <![CDATA[Test is completed and reports is generated]]>
    </line>
  </reporter-output>
  <suite started-at="2024-03-08T11:21:09 GST" name="Default suite" finished-at="2024-03-08T11:21:19 GST" duration-ms="10353">
    <groups>
    </groups>
    <test started-at="2024-03-08T11:21:09 GST" name="Default test" finished-at="2024-03-08T11:21:19 GST" duration-ms="10353">
      <class name="com.learnautomation.testcases.VTigerLoginTest">
        <test-method is-config="true" signature="setupSuite()[pri:0, instance:com.learnautomation.testcases.VTigerLoginTest@5ffead27]" started-at="2024-03-08T11:21:08 GST" name="setupSuite" finished-at="2024-03-08T11:21:09 GST" duration-ms="243" status="PASS">
          <reporter-output>
            <line>
              <![CDATA[Suite set up is getting ready]]>
            </line>
            <line>
              <![CDATA[Suite set up is success]]>
            </line>
          </reporter-output>
        </test-method> <!-- setupSuite -->
        <test-method is-config="true" signature="setup()[pri:0, instance:com.learnautomation.testcases.VTigerLoginTest@5ffead27]" started-at="2024-03-08T11:21:09 GST" name="setup" finished-at="2024-03-08T11:21:14 GST" duration-ms="5653" status="PASS">
          <reporter-output>
            <line>
              <![CDATA[Browser is getting ready]]>
            </line>
            <line>
              <![CDATA[Browser set up is success]]>
            </line>
          </reporter-output>
        </test-method> <!-- setup -->
        <test-method signature="Login()[pri:0, instance:com.learnautomation.testcases.VTigerLoginTest@5ffead27]" started-at="2024-03-08T11:21:14 GST" name="Login" finished-at="2024-03-08T11:21:18 GST" duration-ms="3693" status="PASS">
          <reporter-output>
          </reporter-output>
        </test-method> <!-- Login -->
        <test-method is-config="true" signature="teardownmethod(org.testng.ITestResult)[pri:0, instance:com.learnautomation.testcases.VTigerLoginTest@5ffead27]" started-at="2024-03-08T11:21:18 GST" name="teardownmethod" finished-at="2024-03-08T11:21:19 GST" duration-ms="794" status="PASS">
          <params>
            <param index="0">
              <value>
                <![CDATA[[TestResult name=Login status=SUCCESS method=VTigerLoginTest.Login()[pri:0, instance:com.learnautomation.testcases.VTigerLoginTest@5ffead27] output={null}]]]>
              </value>
            </param>
          </params>
          <reporter-output>
            <line>
              <![CDATA[Test is completed and reports is generated]]>
            </line>
          </reporter-output>
        </test-method> <!-- teardownmethod -->
        <test-method is-config="true" signature="teardown()[pri:0, instance:com.learnautomation.testcases.VTigerLoginTest@5ffead27]" started-at="2024-03-08T11:21:19 GST" name="teardown" finished-at="2024-03-08T11:21:19 GST" duration-ms="173" status="PASS">
          <reporter-output>
          </reporter-output>
        </test-method> <!-- teardown -->
      </class> <!-- com.learnautomation.testcases.VTigerLoginTest -->
    </test> <!-- Default test -->
  </suite> <!-- Default suite -->
</testng-results>
